<?xml version="1.0" encoding="UTF-8"?>
<testng-results ignored="0" total="2" passed="2" failed="0" skipped="0">
  <reporter-output>
  </reporter-output>
  <suite started-at="2023-06-26T15:22:24 IST" name="Default suite" finished-at="2023-06-26T15:22:59 IST" duration-ms="34834">
    <groups>
    </groups>
    <test started-at="2023-06-26T15:22:24 IST" name="Default test" finished-at="2023-06-26T15:22:59 IST" duration-ms="34834">
      <class name="MyPracticeSelenium.Annotationfileupload">
        <test-method is-config="true" signature="browser()[pri:0, instance:MyPracticeSelenium.Annotationfileupload@66f57048]" started-at="2023-06-26T15:22:24 IST" name="browser" finished-at="2023-06-26T15:22:34 IST" duration-ms="9667" status="PASS">
          <reporter-output>
          </reporter-output>
        </test-method> <!-- browser -->
        <test-method signature="buttonClick()[pri:1, instance:MyPracticeSelenium.Annotationfileupload@66f57048]" started-at="2023-06-26T15:22:34 IST" name="buttonClick" finished-at="2023-06-26T15:22:47 IST" duration-ms="12827" status="PASS">
          <reporter-output>
          </reporter-output>
        </test-method> <!-- buttonClick -->
        <test-method is-config="true" signature="afterTest()[pri:0, instance:MyPracticeSelenium.Annotationfileupload@66f57048]" started-at="2023-06-26T15:22:47 IST" name="afterTest" finished-at="2023-06-26T15:22:48 IST" duration-ms="1394" status="PASS">
          <reporter-output>
          </reporter-output>
        </test-method> <!-- afterTest -->
        <test-method is-config="true" signature="browser()[pri:0, instance:MyPracticeSelenium.Annotationfileupload@66f57048]" started-at="2023-06-26T15:22:48 IST" name="browser" finished-at="2023-06-26T15:22:53 IST" duration-ms="4881" status="PASS">
          <reporter-output>
          </reporter-output>
        </test-method> <!-- browser -->
        <test-method signature="login()[pri:2, instance:MyPracticeSelenium.Annotationfileupload@66f57048]" started-at="2023-06-26T15:22:53 IST" name="login" finished-at="2023-06-26T15:22:59 IST" duration-ms="5597" status="PASS">
          <reporter-output>
          </reporter-output>
        </test-method> <!-- login -->
        <test-method is-config="true" signature="afterTest()[pri:0, instance:MyPracticeSelenium.Annotationfileupload@66f57048]" started-at="2023-06-26T15:22:59 IST" name="afterTest" finished-at="2023-06-26T15:22:59 IST" duration-ms="406" status="PASS">
          <reporter-output>
          </reporter-output>
        </test-method> <!-- afterTest -->
      </class> <!-- MyPracticeSelenium.Annotationfileupload -->
    </test> <!-- Default test -->
  </suite> <!-- Default suite -->
</testng-results>
